[debug] [2022-11-23T22:46:49.505Z] ----------------------------------------------------------------------
[debug] [2022-11-23T22:46:49.508Z] Command:       C:\Program Files\nodejs\node.exe C:\Users\w\AppData\Roaming\npm\node_modules\firebase-tools\lib\bin\firebase.js init hosting
[debug] [2022-11-23T22:46:49.509Z] CLI Version:   11.7.0
[debug] [2022-11-23T22:46:49.509Z] Platform:      win32
[debug] [2022-11-23T22:46:49.509Z] Node Version:  v18.12.1
[debug] [2022-11-23T22:46:49.515Z] Time:          Wed Nov 23 2022 23:46:49 GMT+0100 (Srednjeevropsko standardno vreme)
[debug] [2022-11-23T22:46:49.516Z] ----------------------------------------------------------------------
[debug] 
[debug] [2022-11-23T22:46:49.521Z] >>> [apiv2][query] GET https://firebase-public.firebaseio.com/cli.json [none]
[debug] [2022-11-23T22:46:49.592Z] > command requires scopes: ["email","openid","https://www.googleapis.com/auth/cloudplatformprojects.readonly","https://www.googleapis.com/auth/firebase","https://www.googleapis.com/auth/cloud-platform"]
[debug] [2022-11-23T22:46:49.592Z] > authorizing via signed-in user (miolos@gmail.com)
[info] 
     ######## #### ########  ######## ########     ###     ######  ########
     ##        ##  ##     ## ##       ##     ##  ##   ##  ##       ##
     ######    ##  ########  ######   ########  #########  ######  ######
     ##        ##  ##    ##  ##       ##     ## ##     ##       ## ##
     ##       #### ##     ## ######## ########  ##     ##  ######  ########

You're about to initialize a Firebase project in this directory:

  C:\Users\w\Desktop\kurs\Danilo Vesovic\Clock-JS

[debug] [2022-11-23T22:46:49.995Z] <<< [apiv2][status] GET https://firebase-public.firebaseio.com/cli.json 200
[debug] [2022-11-23T22:46:49.996Z] <<< [apiv2][body] GET https://firebase-public.firebaseio.com/cli.json {"cloudBuildErrorAfter":1594252800000,"cloudBuildWarnAfter":1590019200000,"defaultNode10After":1594252800000,"minVersion":"3.0.5","node8DeploysDisabledAfter":1613390400000,"node8RuntimeDisabledAfter":1615809600000,"node8WarnAfter":1600128000000}
[info] 
=== Project Setup
[info] 
[info] First, let's associate this project directory with a Firebase project.
[info] You can create multiple project aliases by running firebase use --add, 
[info] but for now we'll just set up a default project.
[info] 
[debug] [2022-11-23T22:47:06.194Z] > refreshing access token with scopes: []
[debug] [2022-11-23T22:47:06.196Z] >>> [apiv2][query] POST https://www.googleapis.com/oauth2/v3/token [none]
[debug] [2022-11-23T22:47:06.196Z] >>> [apiv2][body] POST https://www.googleapis.com/oauth2/v3/token [omitted]
[debug] [2022-11-23T22:47:06.375Z] <<< [apiv2][status] POST https://www.googleapis.com/oauth2/v3/token 200
[debug] [2022-11-23T22:47:06.375Z] <<< [apiv2][body] POST https://www.googleapis.com/oauth2/v3/token [omitted]
[debug] [2022-11-23T22:47:06.388Z] >>> [apiv2][query] GET https://firebase.googleapis.com/v1beta1/projects pageSize=100
[debug] [2022-11-23T22:47:07.364Z] <<< [apiv2][status] GET https://firebase.googleapis.com/v1beta1/projects 200
[debug] [2022-11-23T22:47:07.364Z] <<< [apiv2][body] GET https://firebase.googleapis.com/v1beta1/projects [omitted]
[info] i  Using project clockjs-f967c (ClockJS) 
[info] 
=== Hosting Setup
[info] 
[info] Your public directory is the folder (relative to your project directory) that
[info] will contain Hosting assets to be uploaded with firebase deploy. If you
[info] have a build process for your assets, use your build's output directory.
[info] 
[debug] [2022-11-23T22:47:30.248Z] >>> [apiv2][query] GET https://www.gstatic.com/firebasejs/releases.json [none]
[debug] [2022-11-23T22:47:30.382Z] <<< [apiv2][status] GET https://www.gstatic.com/firebasejs/releases.json 200
[debug] [2022-11-23T22:47:30.382Z] <<< [apiv2][body] GET https://www.gstatic.com/firebasejs/releases.json {"current":{"version":"9.14.0","browserURL":"https://www.gstatic.com/firebasejs/9.14.0/firebase.js","packageURL":"https://www.gstatic.com/firebasejs/9.14.0/firebase.tgz"},"live":{"version":"9.14","browserURL":"https://www.gstatic.com/firebasejs/live/9.14/firebase.js","packageURL":"https://www.gstatic.com/firebasejs/live/9.14/firebase.tgz"},"components":{"analytics":"https://www.gstatic.com/firebasejs/9.14.0/firebase-analytics.js","app":"https://www.gstatic.com/firebasejs/9.14.0/firebase-app.js","app-check":"https://www.gstatic.com/firebasejs/9.14.0/firebase-app-check.js","auth":"https://www.gstatic.com/firebasejs/9.14.0/firebase-auth.js","auth/cordova":"https://www.gstatic.com/firebasejs/9.14.0/firebase-auth/cordova.js","auth/react-native":"https://www.gstatic.com/firebasejs/9.14.0/firebase-auth/react-native.js","functions":"https://www.gstatic.com/firebasejs/9.14.0/firebase-functions.js","firestore":"https://www.gstatic.com/firebasejs/9.14.0/firebase-firestore.js","firestore/lite":"https://www.gstatic.com/firebasejs/9.14.0/firebase-firestore/lite.js","installations":"https://www.gstatic.com/firebasejs/9.14.0/firebase-installations.js","storage":"https://www.gstatic.com/firebasejs/9.14.0/firebase-storage.js","performance":"https://www.gstatic.com/firebasejs/9.14.0/firebase-performance.js","remote-config":"https://www.gstatic.com/firebasejs/9.14.0/firebase-remote-config.js","messaging":"https://www.gstatic.com/firebasejs/9.14.0/firebase-messaging.js","messaging/sw":"https://www.gstatic.com/firebasejs/9.14.0/firebase-messaging/sw.js","database":"https://www.gstatic.com/firebasejs/9.14.0/firebase-database.js","firestore.memory":"https://www.gstatic.com/firebasejs/9.14.0/firebase-firestore.memory.js"}}
[info] +  Wrote y/index.html 
[info] 
[info] i  Didn't detect a .git folder. Assuming C:\Users\w\Desktop\kurs\Danilo Vesovic\Clock-JS is the project root. 
[info] i  Authorizing with GitHub to upload your service account to a GitHub repository's secrets store. 
[info] 
[info] Visit this URL on this device to log in:
[info] https://github.com/login/oauth/authorize?client_id=89cf50f02ac6aaed3484&state=872979695&redirect_uri=http%3A%2F%2Flocalhost%3A9005&scope=read%3Auser%20repo%20public_repo
[info] 
[info] Waiting for authentication...
[debug] [2022-11-23T22:47:37.560Z] >>> [apiv2][query] POST https://github.com/login/oauth/access_token [none]
[debug] [2022-11-23T22:47:37.560Z] >>> [apiv2][body] POST https://github.com/login/oauth/access_token [stream]
[debug] [2022-11-23T22:47:37.905Z] <<< [apiv2][status] POST https://github.com/login/oauth/access_token 200
[debug] [2022-11-23T22:47:37.905Z] <<< [apiv2][body] POST https://github.com/login/oauth/access_token {"access_token":"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","token_type":"bearer","scope":"read:user,repo"}
[debug] [2022-11-23T22:47:37.914Z] >>> [apiv2][query] GET https://api.github.com/user [none]
[debug] [2022-11-23T22:47:38.267Z] <<< [apiv2][status] GET https://api.github.com/user 200
[debug] [2022-11-23T22:47:38.268Z] <<< [apiv2][body] GET https://api.github.com/user {"login":"miolos23","id":101824291,"node_id":"U_kgDOBhG3Iw","avatar_url":"https://avatars.githubusercontent.com/u/101824291?v=4","gravatar_id":"","url":"https://api.github.com/users/miolos23","html_url":"https://github.com/miolos23","followers_url":"https://api.github.com/users/miolos23/followers","following_url":"https://api.github.com/users/miolos23/following{/other_user}","gists_url":"https://api.github.com/users/miolos23/gists{/gist_id}","starred_url":"https://api.github.com/users/miolos23/starred{/owner}{/repo}","subscriptions_url":"https://api.github.com/users/miolos23/subscriptions","organizations_url":"https://api.github.com/users/miolos23/orgs","repos_url":"https://api.github.com/users/miolos23/repos","events_url":"https://api.github.com/users/miolos23/events{/privacy}","received_events_url":"https://api.github.com/users/miolos23/received_events","type":"User","site_admin":false,"name":null,"company":null,"blog":"","location":null,"email":null,"hireable":null,"bio":null,"twitter_username":null,"public_repos":8,"public_gists":0,"followers":0,"following":0,"created_at":"2022-03-17T17:20:55Z","updated_at":"2022-11-23T22:47:36Z","private_gists":0,"total_private_repos":0,"owned_private_repos":0,"disk_usage":1657,"collaborators":0,"two_factor_authentication":false,"plan":{"name":"free","space":976562499,"collaborators":0,"private_repos":10000}}
[info] 
[info] +  Success! Logged into GitHub as miolos23 
[info] 
[debug] [2022-11-23T22:47:51.254Z] >>> [apiv2][query] GET https://api.github.com/repos//actions/secrets/public-key type=owner
[debug] [2022-11-23T22:47:51.519Z] <<< [apiv2][status] GET https://api.github.com/repos//actions/secrets/public-key 404
[debug] [2022-11-23T22:47:51.519Z] <<< [apiv2][body] GET https://api.github.com/repos//actions/secrets/public-key {"message":"Not Found","documentation_url":"https://docs.github.com/rest"}
[debug] [2022-11-23T22:48:03.638Z] >>> [apiv2][query] GET https://api.github.com/repos/miolos23/clockJS/actions/secrets/public-key type=owner
[debug] [2022-11-23T22:48:03.981Z] <<< [apiv2][status] GET https://api.github.com/repos/miolos23/clockJS/actions/secrets/public-key 404
[debug] [2022-11-23T22:48:03.982Z] <<< [apiv2][body] GET https://api.github.com/repos/miolos23/clockJS/actions/secrets/public-key {"message":"Not Found","documentation_url":"https://docs.github.com/rest/reference/actions#get-a-repository-public-key"}
